Using pre-set license
Built from '2020.3/release' branch; Version is '2020.3.7f1 (dd97f2c94397) revision 14522354'; Using compiler version '192528614'; Build Type 'Release'
OS: 'Windows 10 Pro; OS build 19042.985; Version 2009; 64bit' Language: 'ru' Physical Memory: 16187 MB
BatchMode: 1, IsHumanControllingUs: 0, StartBugReporterOnCrash: 0, Is64bit: 1, IsPro: 0

 COMMAND LINE ARGUMENTS:
C:\Program Files\Unity\Hub\Editor\2020.3.7f1\Editor\Unity.exe
-adb2
-batchMode
-noUpm
-name
AssetImportWorker0
-projectPath
C:/Code/CodeUnyti/MyTanks
-logFile
Logs/AssetImportWorker0.log
-srvPort
63502
Successfully changed project path to: C:/Code/CodeUnyti/MyTanks
C:/Code/CodeUnyti/MyTanks
Using Asset Import Pipeline V2.
Refreshing native plugins compatible for Editor in 55.23 ms, found 1 plugins.
Preloading 0 native plugins for Editor in 0.00 ms.
Initialize engine version: 2020.3.7f1 (dd97f2c94397)
[Subsystems] Discovering subsystems at path C:/Program Files/Unity/Hub/Editor/2020.3.7f1/Editor/Data/Resources/UnitySubsystems
[Subsystems] Discovering subsystems at path C:/Code/CodeUnyti/MyTanks/Assets
GfxDevice: creating device client; threaded=0
Direct3D:
    Version:  Direct3D 11.0 [level 11.1]
    Renderer: Intel(R) UHD Graphics (ID=0x9b41)
    Vendor:   
    VRAM:     8093 MB
    Driver:   27.20.100.8935
Initialize mono
Mono path[0] = 'C:/Program Files/Unity/Hub/Editor/2020.3.7f1/Editor/Data/Managed'
Mono path[1] = 'C:/Program Files/Unity/Hub/Editor/2020.3.7f1/Editor/Data/MonoBleedingEdge/lib/mono/unityjit'
Mono config path = 'C:/Program Files/Unity/Hub/Editor/2020.3.7f1/Editor/Data/MonoBleedingEdge/etc'
Using monoOptions --debugger-agent=transport=dt_socket,embedding=1,server=y,suspend=n,address=127.0.0.1:56936
Begin MonoManager ReloadAssembly
Registering precompiled unity dll's ...
Register platform support module: C:/Program Files/Unity/Hub/Editor/2020.3.7f1/Editor/Data/PlaybackEngines/WindowsStandaloneSupport/UnityEditor.WindowsStandalone.Extensions.dll
Registered in 0.001628 seconds.
Native extension for WindowsStandalone target not found
Refreshing native plugins compatible for Editor in 40.56 ms, found 1 plugins.
Preloading 0 native plugins for Editor in 0.00 ms.
Mono: successfully reloaded assembly
- Completed reload, in  2.219 seconds
Platform modules already initialized, skipping
Registering precompiled user dll's ...
Registered in 0.000916 seconds.
Begin MonoManager ReloadAssembly
Native extension for WindowsStandalone target not found
Refreshing native plugins compatible for Editor in 44.32 ms, found 1 plugins.
Preloading 0 native plugins for Editor in 0.00 ms.
Mono: successfully reloaded assembly
- Completed reload, in  1.014 seconds
Platform modules already initialized, skipping
========================================================================
Worker process is ready to serve import requests
Launched and connected shader compiler UnityShaderCompiler.exe after 0.04 seconds
Refreshing native plugins compatible for Editor in 0.41 ms, found 1 plugins.
Preloading 0 native plugins for Editor in 0.00 ms.
Unloading 1823 Unused Serialized files (Serialized files now loaded: 0)
System memory in use before: 85.4 MB.
System memory in use after: 85.4 MB.

Unloading 24 unused Assets to reduce memory usage. Loaded Objects now: 2266.
Total: 2.172100 ms (FindLiveObjects: 0.240100 ms CreateObjectMapping: 0.101100 ms MarkObjects: 1.715900 ms  DeleteObjects: 0.114100 ms)

========================================================================
Received Import Request.
  path: Assets/Scripts/Shot.cs
  artifactKey: Guid(81ab43e74645a8d40ae3a738e2ed73e9) Importer(815301076,1909f56bfc062723c751e8b465ee728b)
Start importing Assets/Scripts/Shot.cs using Guid(81ab43e74645a8d40ae3a738e2ed73e9) Importer(815301076,1909f56bfc062723c751e8b465ee728b)  -> (artifact id: '536a8fc6eced41936a5bbf12121f98fe') in 0.014875 seconds
  Import took 0.018273 seconds .

========================================================================
Received Import Request.
  Time since last request: 460.067993 seconds.
  path: Assets/Prefab/Bullet.prefab
  artifactKey: Guid(d70818bcb15258449bd8edc40ed9a454) Importer(815301076,1909f56bfc062723c751e8b465ee728b)
Start importing Assets/Prefab/Bullet.prefab using Guid(d70818bcb15258449bd8edc40ed9a454) Importer(815301076,1909f56bfc062723c751e8b465ee728b)  -> (artifact id: 'cc58f269f4342b74f4c518846dcafef9') in 0.100992 seconds
  Import took 0.106737 seconds .

========================================================================
Received Import Request.
  Time since last request: 0.002628 seconds.
  path: Assets/Prefab/Bullet.prefab
  artifactKey: Guid(d70818bcb15258449bd8edc40ed9a454) Importer(815301076,1909f56bfc062723c751e8b465ee728b)
Start importing Assets/Prefab/Bullet.prefab using Guid(d70818bcb15258449bd8edc40ed9a454) Importer(815301076,1909f56bfc062723c751e8b465ee728b)  -> (artifact id: 'cc58f269f4342b74f4c518846dcafef9') in 0.009483 seconds
  Import took 0.013702 seconds .

========================================================================
Received Import Request.
  Time since last request: 38.498331 seconds.
  path: Assets/Prefab/Bullet.prefab
  artifactKey: Guid(d70818bcb15258449bd8edc40ed9a454) Importer(815301076,1909f56bfc062723c751e8b465ee728b)
Start importing Assets/Prefab/Bullet.prefab using Guid(d70818bcb15258449bd8edc40ed9a454) Importer(815301076,1909f56bfc062723c751e8b465ee728b)  -> (artifact id: '5a90a00770fecc9733ccbdc4a3240ad4') in 0.008882 seconds
  Import took 0.013274 seconds .

========================================================================
Received Import Request.
  Time since last request: 13.554145 seconds.
  path: Assets/Prefab/Bullet.prefab
  artifactKey: Guid(d70818bcb15258449bd8edc40ed9a454) Importer(815301076,1909f56bfc062723c751e8b465ee728b)
Start importing Assets/Prefab/Bullet.prefab using Guid(d70818bcb15258449bd8edc40ed9a454) Importer(815301076,1909f56bfc062723c751e8b465ee728b)  -> (artifact id: '41c4e78cf800744654abf87b77955a58') in 0.010156 seconds
  Import took 0.013467 seconds .

========================================================================
Received Import Request.
  Time since last request: 10.032573 seconds.
  path: Assets/Prefab/Bullet.prefab
  artifactKey: Guid(d70818bcb15258449bd8edc40ed9a454) Importer(815301076,1909f56bfc062723c751e8b465ee728b)
Start importing Assets/Prefab/Bullet.prefab using Guid(d70818bcb15258449bd8edc40ed9a454) Importer(815301076,1909f56bfc062723c751e8b465ee728b)  -> (artifact id: '4ef1a638fce4cafffd1440a9441b530d') in 0.011465 seconds
  Import took 0.015040 seconds .

========================================================================
Received Import Request.
  Time since last request: 2.842217 seconds.
  path: Assets/Prefab/Bullet.prefab
  artifactKey: Guid(d70818bcb15258449bd8edc40ed9a454) Importer(815301076,1909f56bfc062723c751e8b465ee728b)
Start importing Assets/Prefab/Bullet.prefab using Guid(d70818bcb15258449bd8edc40ed9a454) Importer(815301076,1909f56bfc062723c751e8b465ee728b)  -> (artifact id: 'ad6a07279484238c90a105f101b1adce') in 0.012427 seconds
  Import took 0.015715 seconds .

========================================================================
Received Import Request.
  Time since last request: 2.215169 seconds.
  path: Assets/Prefab/Bullet.prefab
  artifactKey: Guid(d70818bcb15258449bd8edc40ed9a454) Importer(815301076,1909f56bfc062723c751e8b465ee728b)
Start importing Assets/Prefab/Bullet.prefab using Guid(d70818bcb15258449bd8edc40ed9a454) Importer(815301076,1909f56bfc062723c751e8b465ee728b)  -> (artifact id: '68738b7ac8ae4113ee37c07226dddd86') in 0.013884 seconds
  Import took 0.018033 seconds .

========================================================================
Received Prepare
Registering precompiled user dll's ...
Registered in 0.001217 seconds.
Begin MonoManager ReloadAssembly
Native extension for WindowsStandalone target not found
Refreshing native plugins compatible for Editor in 0.46 ms, found 1 plugins.
Preloading 0 native plugins for Editor in 0.00 ms.
Mono: successfully reloaded assembly
- Completed reload, in  0.935 seconds
Platform modules already initialized, skipping
Refreshing native plugins compatible for Editor in 0.40 ms, found 1 plugins.
Preloading 0 native plugins for Editor in 0.00 ms.
Unloading 1818 Unused Serialized files (Serialized files now loaded: 0)
System memory in use before: 88.5 MB.
System memory in use after: 88.5 MB.

Unloading 12 unused Assets to reduce memory usage. Loaded Objects now: 2277.
Total: 2.584900 ms (FindLiveObjects: 0.312900 ms CreateObjectMapping: 0.217000 ms MarkObjects: 1.956600 ms  DeleteObjects: 0.097600 ms)

========================================================================
Received Prepare
Registering precompiled user dll's ...
Registered in 0.000952 seconds.
Begin MonoManager ReloadAssembly
Native extension for WindowsStandalone target not found
Refreshing native plugins compatible for Editor in 0.59 ms, found 1 plugins.
Preloading 0 native plugins for Editor in 0.00 ms.
Mono: successfully reloaded assembly
- Completed reload, in  0.929 seconds
Platform modules already initialized, skipping
Refreshing native plugins compatible for Editor in 0.41 ms, found 1 plugins.
Preloading 0 native plugins for Editor in 0.00 ms.
Unloading 1818 Unused Serialized files (Serialized files now loaded: 0)
System memory in use before: 88.5 MB.
System memory in use after: 88.5 MB.

Unloading 12 unused Assets to reduce memory usage. Loaded Objects now: 2281.
Total: 3.100300 ms (FindLiveObjects: 0.352500 ms CreateObjectMapping: 0.185500 ms MarkObjects: 2.449600 ms  DeleteObjects: 0.111600 ms)

========================================================================
Received Import Request.
  Time since last request: 315.645152 seconds.
  path: Assets/Scripts/Shot.cs
  artifactKey: Guid(81ab43e74645a8d40ae3a738e2ed73e9) Importer(815301076,1909f56bfc062723c751e8b465ee728b)
Start importing Assets/Scripts/Shot.cs using Guid(81ab43e74645a8d40ae3a738e2ed73e9) Importer(815301076,1909f56bfc062723c751e8b465ee728b)  -> (artifact id: 'fd5734118b3e87d4c66cede653863f08') in 0.005169 seconds
  Import took 0.008678 seconds .

========================================================================
Received Import Request.
  Time since last request: 0.002960 seconds.
  path: Assets/Scripts/Shot.cs
  artifactKey: Guid(81ab43e74645a8d40ae3a738e2ed73e9) Importer(815301076,1909f56bfc062723c751e8b465ee728b)
Start importing Assets/Scripts/Shot.cs using Guid(81ab43e74645a8d40ae3a738e2ed73e9) Importer(815301076,1909f56bfc062723c751e8b465ee728b)  -> (artifact id: 'fd5734118b3e87d4c66cede653863f08') in 0.002142 seconds
  Import took 0.006103 seconds .

========================================================================
Received Import Request.
  Time since last request: 6.227206 seconds.
  path: Assets/Prefab/Bullet.prefab
  artifactKey: Guid(d70818bcb15258449bd8edc40ed9a454) Importer(815301076,1909f56bfc062723c751e8b465ee728b)
Start importing Assets/Prefab/Bullet.prefab using Guid(d70818bcb15258449bd8edc40ed9a454) Importer(815301076,1909f56bfc062723c751e8b465ee728b)  -> (artifact id: '80618e814514f198c003256ada8d608e') in 0.049238 seconds
  Import took 0.052447 seconds .

========================================================================
Received Import Request.
  Time since last request: 5.200715 seconds.
  path: Assets/Prefab/Bullet.prefab
  artifactKey: Guid(d70818bcb15258449bd8edc40ed9a454) Importer(815301076,1909f56bfc062723c751e8b465ee728b)
Start importing Assets/Prefab/Bullet.prefab using Guid(d70818bcb15258449bd8edc40ed9a454) Importer(815301076,1909f56bfc062723c751e8b465ee728b)  -> (artifact id: 'fb98a4e191900f705f6c9f3f733c7eea') in 0.016069 seconds
  Import took 0.019839 seconds .

========================================================================
Received Prepare
Registering precompiled user dll's ...
Registered in 0.000833 seconds.
Begin MonoManager ReloadAssembly
Native extension for WindowsStandalone target not found
Refreshing native plugins compatible for Editor in 0.38 ms, found 1 plugins.
Preloading 0 native plugins for Editor in 0.00 ms.
Mono: successfully reloaded assembly
- Completed reload, in  0.897 seconds
Platform modules already initialized, skipping
Refreshing native plugins compatible for Editor in 0.41 ms, found 1 plugins.
Preloading 0 native plugins for Editor in 0.00 ms.
Unloading 1818 Unused Serialized files (Serialized files now loaded: 0)
System memory in use before: 88.6 MB.
System memory in use after: 88.5 MB.

Unloading 12 unused Assets to reduce memory usage. Loaded Objects now: 2286.
Total: 3.311900 ms (FindLiveObjects: 0.500100 ms CreateObjectMapping: 0.358600 ms MarkObjects: 2.276900 ms  DeleteObjects: 0.175200 ms)

========================================================================
Received Prepare
Registering precompiled user dll's ...
Registered in 0.001187 seconds.
Begin MonoManager ReloadAssembly
Native extension for WindowsStandalone target not found
Refreshing native plugins compatible for Editor in 1.46 ms, found 1 plugins.
Preloading 0 native plugins for Editor in 0.00 ms.
Mono: successfully reloaded assembly
- Completed reload, in  0.875 seconds
Platform modules already initialized, skipping
Refreshing native plugins compatible for Editor in 0.37 ms, found 1 plugins.
Preloading 0 native plugins for Editor in 0.00 ms.
Unloading 1818 Unused Serialized files (Serialized files now loaded: 0)
System memory in use before: 88.6 MB.
System memory in use after: 88.6 MB.

Unloading 12 unused Assets to reduce memory usage. Loaded Objects now: 2290.
Total: 3.152500 ms (FindLiveObjects: 0.373000 ms CreateObjectMapping: 0.199100 ms MarkObjects: 2.439400 ms  DeleteObjects: 0.139700 ms)

AssetImportWorkerClient::OnTransportError - code=2 error=End of file
